\BOOKMARK [1][-]{section.1}{\376\377\000E\000x\000p\000e\000r\000i\000m\000e\000n\000t\000\040\0001\000\040\000-\000\040\000I\000m\000p\000l\000e\000m\000e\000n\000t\000\040\000C\000M\000O\000S\000-\000b\000a\000s\000e\000d\000\040\000l\000o\000g\000i\000c\000\040\000g\000a\000t\000e\000s\000.}{}% 1
\BOOKMARK [2][-]{subsection.1.1}{\376\377\000N\000O\000T\000\040\000g\000a\000t\000e}{section.1}% 2
\BOOKMARK [3][-]{subsubsection.1.1.1}{\376\377\000S\000c\000h\000e\000m\000a\000t\000i\000c}{subsection.1.1}% 3
\BOOKMARK [3][-]{subsubsection.1.1.2}{\376\377\000D\000C\000\040\000A\000n\000a\000l\000y\000s\000i\000s\000\040\000s\000i\000m\000u\000l\000a\000t\000i\000o\000n}{subsection.1.1}% 4
\BOOKMARK [3][-]{subsubsection.1.1.3}{\376\377\000T\000r\000a\000n\000s\000i\000e\000n\000t\000\040\000s\000i\000m\000u\000l\000a\000t\000i\000o\000n}{subsection.1.1}% 5
\BOOKMARK [3][-]{subsubsection.1.1.4}{\376\377\000L\000a\000y\000o\000u\000t\000\040\000o\000f\000\040\000I\000N\000V}{subsection.1.1}% 6
\BOOKMARK [2][-]{subsection.1.2}{\376\377\000N\000A\000N\000D\0002\000\040\000g\000a\000t\000e}{section.1}% 7
\BOOKMARK [3][-]{subsubsection.1.2.1}{\376\377\000S\000c\000h\000e\000m\000a\000t\000i\000c}{subsection.1.2}% 8
\BOOKMARK [3][-]{subsubsection.1.2.2}{\376\377\000D\000C\000\040\000A\000n\000a\000l\000y\000s\000i\000s\000\040\000s\000i\000m\000u\000l\000a\000t\000i\000o\000n}{subsection.1.2}% 9
\BOOKMARK [3][-]{subsubsection.1.2.3}{\376\377\000T\000r\000a\000n\000s\000i\000e\000n\000t\000\040\000s\000i\000m\000u\000l\000a\000t\000i\000o\000n}{subsection.1.2}% 10
\BOOKMARK [3][-]{subsubsection.1.2.4}{\376\377\000L\000a\000y\000o\000u\000t\000\040\000o\000f\000\040\000N\000A\000N\000D\0002}{subsection.1.2}% 11
\BOOKMARK [2][-]{subsection.1.3}{\376\377\000N\000O\000R\0002\000\040\000g\000a\000t\000e}{section.1}% 12
\BOOKMARK [3][-]{subsubsection.1.3.1}{\376\377\000S\000c\000h\000e\000m\000a\000t\000i\000c}{subsection.1.3}% 13
\BOOKMARK [3][-]{subsubsection.1.3.2}{\376\377\000D\000C\000\040\000A\000n\000a\000l\000y\000s\000i\000s\000\040\000s\000i\000m\000u\000l\000a\000t\000i\000o\000n}{subsection.1.3}% 14
\BOOKMARK [3][-]{subsubsection.1.3.3}{\376\377\000T\000r\000a\000n\000s\000i\000e\000n\000t\000\040\000s\000i\000m\000u\000l\000a\000t\000i\000o\000n}{subsection.1.3}% 15
\BOOKMARK [3][-]{subsubsection.1.3.4}{\376\377\000L\000a\000y\000o\000u\000t\000\040\000o\000f\000\040\000N\000O\000R\0002}{subsection.1.3}% 16
\BOOKMARK [2][-]{subsection.1.4}{\376\377\000E\000X\000O\000R\0002\000\040\000g\000a\000t\000e}{section.1}% 17
\BOOKMARK [3][-]{subsubsection.1.4.1}{\376\377\000S\000c\000h\000e\000m\000a\000t\000i\000c}{subsection.1.4}% 18
\BOOKMARK [3][-]{subsubsection.1.4.2}{\376\377\000D\000C\000\040\000A\000n\000a\000l\000y\000s\000i\000s\000\040\000s\000i\000m\000u\000l\000a\000t\000i\000o\000n}{subsection.1.4}% 19
\BOOKMARK [3][-]{subsubsection.1.4.3}{\376\377\000T\000r\000a\000n\000s\000i\000e\000n\000t\000\040\000s\000i\000m\000u\000l\000a\000t\000i\000o\000n}{subsection.1.4}% 20
\BOOKMARK [3][-]{subsubsection.1.4.4}{\376\377\000L\000a\000y\000o\000u\000t\000\040\000o\000f\000\040\000E\000X\000O\000R\0002}{subsection.1.4}% 21
